<?xml version="1.0" encoding="UTF-8"?>
<!-- Generated by org.testng.reporters.JUnitReportReporter -->
<testsuite skipped="0" hostname="DESKTOP-H5NOQRE" name="org.sample.Welcome" tests="1" failures="0" timestamp="05 Nov 2022 05:09:59 GMT" time="0.004" errors="0">
  <testcase name="test1" time="0.004" classname="org.sample.Welcome"/>
</testsuite> <!-- org.sample.Welcome -->
